<?xml version="1.0" encoding="UTF-8"?>
<testng-results skipped="0" failed="0" ignored="0" total="1" passed="1">
  <reporter-output>
  </reporter-output>
  <suite name="Suite" duration-ms="99552" started-at="2018-09-18T04:13:24Z" finished-at="2018-09-18T04:15:04Z">
    <groups>
    </groups>
    <test name="Test" duration-ms="99552" started-at="2018-09-18T04:13:24Z" finished-at="2018-09-18T04:15:04Z">
      <class name="com.HealthCare.Registration.TempRegistration">
        <test-method status="PASS" signature="startReport()[pri:0, instance:com.HealthCare.Registration.TempRegistration@2df3b89c]" name="startReport" is-config="true" duration-ms="360" started-at="2018-09-18T04:13:24Z" finished-at="2018-09-18T04:13:24Z">
          <reporter-output>
          </reporter-output>
        </test-method> <!-- startReport -->
        <test-method status="PASS" signature="launchApplication(java.lang.String, java.lang.String)[pri:0, instance:com.HealthCare.Registration.TempRegistration@2df3b89c]" name="launchApplication" is-config="true" duration-ms="5021" started-at="2018-09-18T04:13:24Z" finished-at="2018-09-18T04:13:29Z">
          <params>
            <param index="0">
              <value>
                <![CDATA[chrome]]>
              </value>
            </param>
            <param index="1">
              <value>
                <![CDATA[hms]]>
              </value>
            </param>
          </params>
          <reporter-output>
          </reporter-output>
        </test-method> <!-- launchApplication -->
        <test-method status="PASS" signature="login(java.util.Map)[pri:0, instance:com.HealthCare.Registration.TempRegistration@2df3b89c]" name="login" duration-ms="9745" started-at="2018-09-18T04:14:53Z" data-provider="hms" finished-at="2018-09-18T04:15:03Z">
          <params>
            <param index="0">
              <value>
                <![CDATA[{UserName=admin, Password=admin}]]>
              </value>
            </param>
          </params>
          <reporter-output>
          </reporter-output>
        </test-method> <!-- login -->
        <test-method status="PASS" signature="verifyResult(org.testng.ITestResult)[pri:0, instance:com.HealthCare.Registration.TempRegistration@2df3b89c]" name="verifyResult" is-config="true" duration-ms="2" started-at="2018-09-18T04:15:03Z" finished-at="2018-09-18T04:15:03Z">
          <params>
            <param index="0">
              <value>
                <![CDATA[[TestResult name=login status=SUCCESS method=TempRegistration.login(java.util.Map)[pri:0, instance:com.HealthCare.Registration.TempRegistration@2df3b89c] output={null}]]]>
              </value>
            </param>
          </params>
          <reporter-output>
          </reporter-output>
        </test-method> <!-- verifyResult -->
        <test-method status="PASS" signature="tearDown()[pri:0, instance:com.HealthCare.Registration.TempRegistration@2df3b89c]" name="tearDown" is-config="true" duration-ms="98" started-at="2018-09-18T04:15:03Z" finished-at="2018-09-18T04:15:03Z">
          <reporter-output>
          </reporter-output>
        </test-method> <!-- tearDown -->
        <test-method status="PASS" signature="endReport()[pri:0, instance:com.HealthCare.Registration.TempRegistration@2df3b89c]" name="endReport" is-config="true" duration-ms="570" started-at="2018-09-18T04:15:03Z" finished-at="2018-09-18T04:15:04Z">
          <reporter-output>
          </reporter-output>
        </test-method> <!-- endReport -->
      </class> <!-- com.HealthCare.Registration.TempRegistration -->
    </test> <!-- Test -->
  </suite> <!-- Suite -->
</testng-results>
